<?xml version="1.0" encoding="UTF-8"?>
<!-- Generated by org.testng.reporters.JUnitReportReporter -->
<testsuite hostname="DESKTOP-BFABEKL" failures="0" tests="3" name="student.Dashboard" time="18.418" errors="0" timestamp="2024-06-19T10:58:37 IST" skipped="0">
  <testcase classname="student.Dashboard" name="familyManage" time="2.332"/>
  <testcase classname="student.Dashboard" name="dashboardContent" time="14.056"/>
  <testcase classname="student.Dashboard" name="dashboard" time="2.030"/>
</testsuite> <!-- student.Dashboard -->
