<?xml version="1.0" encoding="UTF-8"?>
<!-- Generated by org.testng.reporters.JUnitReportReporter -->
<testsuite hostname="DESKTOP-BFABEKL" failures="0" tests="5" name="student.FamilyMember" time="29.119" errors="0" timestamp="2024-06-19T13:25:23 IST" skipped="1">
  <testcase classname="student.FamilyMember" name="viewProfile" time="13.110"/>
  <testcase classname="student.FamilyMember" name="search" time="2.196"/>
  <testcase classname="student.FamilyMember" name="familyMember" time="9.383"/>
  <testcase classname="student.FamilyMember" name="areaFiltering" time="4.430"/>
  <testcase classname="student.FamilyMember" name="download">
    <skipped/>
  </testcase> <!-- download -->
</testsuite> <!-- student.FamilyMember -->
