<?xml version="1.0" encoding="UTF-8"?>
<!-- Generated by org.testng.reporters.JUnitReportReporter -->
<testsuite hostname="DESKTOP-BFABEKL" failures="0" tests="3" name="student.AshaWorker" time="12.504" errors="0" timestamp="2024-06-10T15:19:52 IST" skipped="0">
  <testcase classname="student.AshaWorker" name="ashaWorker" time="4.181"/>
  <testcase classname="student.AshaWorker" name="getAshawokerNames" time="4.112"/>
  <testcase classname="student.AshaWorker" name="search" time="4.211"/>
</testsuite> <!-- student.AshaWorker -->
