<?xml version="1.0" encoding="UTF-8"?>
<!-- Generated by org.testng.reporters.JUnitReportReporter -->
<testsuite hostname="DESKTOP-BFABEKL" failures="0" tests="1" name="student.Signin" time="0.403" errors="0" timestamp="2024-06-19T13:25:23 IST" skipped="0">
  <testcase classname="student.Signin" name="Sign" time="0.403"/>
</testsuite> <!-- student.Signin -->
