<?xml version="1.0" encoding="UTF-8"?>
<!-- Generated by org.testng.reporters.JUnitReportReporter -->
<testsuite hostname="DESKTOP-BFABEKL" failures="0" tests="9" name="student.Morbidity" time="47.471" errors="0" timestamp="2024-06-12T18:24:15 IST" skipped="0">
  <testcase classname="student.Morbidity" name="proficiency" time="6.342"/>
  <testcase classname="student.Morbidity" name="area" time="6.356"/>
  <testcase classname="student.Morbidity" name="morbidityView" time="7.316"/>
  <testcase classname="student.Morbidity" name="search" time="4.291"/>
  <testcase classname="student.Morbidity" name="visitNo" time="6.308"/>
  <testcase classname="student.Morbidity" name="viewMorbidityDetails" time="6.208"/>
  <testcase classname="student.Morbidity" name="download" time="6.250"/>
  <testcase classname="student.Morbidity" name="morbidity" time="4.310"/>
  <testcase classname="student.Morbidity" name="memberNames" time="0.090"/>
</testsuite> <!-- student.Morbidity -->
